<?xml version="1.0" encoding="UTF-8"?>
<testsuite name="TestSuite" time="0.185" tests="31" errors="0" skipped="0" failures="0">
  <properties>
[...]
</properties>
  <testcase name="verifyIntegerListFromString" classname="com.springer.omelet.test.libraries.UtilsTest" time="0.009"/>
  <testcase name="verifyMapValues" classname="com.springer.omelet.test.data.BrowserConfMethodTest" time="0.009"/>
  <testcase name="checkBrowserConfEquality_RemoteFlagOFF" classname="com.springer.omelet.test.data.BrowserConfIsEqualTest" time="0"/>
  <testcase name="remoteBsMobileOnDevicesEqualsBrowserEquals" classname="com.springer.omelet.test.data.BrowserConfIsEqualTest" time="0"/>
  <testcase name="remoteBsMobileOnDevicesNotEqualsBrowserEquals" classname="com.springer.omelet.test.data.BrowserConfIsEqualTest" time="0.001"/>
  <testcase name="remoteFlagOn" classname="com.springer.omelet.test.data.BrowserConfIsEqualTest" time="0"/>
  <testcase name="remoteFlagOn_2" classname="com.springer.omelet.test.data.BrowserConfIsEqualTest" time="0.001"/>
  <testcase name="remoteFlagOn_3" classname="com.springer.omelet.test.data.BrowserConfIsEqualTest" time="0.001"/>
  <testcase name="remoteFlag_4" classname="com.springer.omelet.test.data.BrowserConfIsEqualTest" time="0.001"/>
  <testcase name="frameworkBlanAndCheckDefault" classname="com.springer.omelet.test.data.RefinedBrowserConfTests" time="0.001"/>
  <testcase name="ifCommandLineAndOtherPresent" classname="com.springer.omelet.test.data.RefinedBrowserConfTests" time="0"/>
  <testcase name="verifyCommandLineNotPresent" classname="com.springer.omelet.test.data.RefinedBrowserConfTests" time="0.001"/>
  <testcase name="verifyFrameworkPropertiesValueSet" classname="com.springer.omelet.test.data.RefinedBrowserConfTests" time="0.001"/>
  <testcase name="verifyIfClientEnvPresentAndCommandLineBlank" classname="com.springer.omelet.test.data.RefinedBrowserConfTests" time="0"/>
  <testcase name="verifyIfClient_CommandLine_Blank" classname="com.springer.omelet.test.data.RefinedBrowserConfTests" time="0.001"/>
  <testcase name="verifyMapValueEmpty" classname="com.springer.omelet.test.data.BrowserConfMethodTest" time="0.001"/>
  <testcase name="expectException_keyMissing_String" classname="com.springer.omelet.test.data.PropertyMappingTest" time="0.001"/>
  <testcase name="expectException_keyMissing_enum" classname="com.springer.omelet.test.data.PropertyMappingTest" time="0.001"/>
  <testcase name="hashMapConstructor" classname="com.springer.omelet.test.data.PropertyMappingTest" time="0"/>
  <testcase name="multipleFilePathConstructor" classname="com.springer.omelet.test.data.PropertyMappingTest" time="0"/>
  <testcase name="propConstuctor" classname="com.springer.omelet.test.data.PropertyMappingTest" time="0"/>
  <testcase name="singleFilePathConstructor" classname="com.springer.omelet.test.data.PropertyMappingTest" time="0.001"/>
  <testcase name="mutipleXml" classname="com.springer.omelet.test.data.BrowserXmlParserTest" time="0.148"/>
  <testcase name="verifyBrowserConf_singleXml" classname="com.springer.omelet.test.data.BrowserXmlParserTest" time="0.002"/>
  <testcase name="verifySingleXMLMultiBrowser" classname="com.springer.omelet.test.data.BrowserXmlParserTest" time="0.002"/>
  <testcase name="verifyCmd_Map_Mix" classname="com.springer.omelet.test.data.BrowserConfMethodTest" time="0.001"/>
  <testcase name="verifyBrowserStackConfigDefaults" classname="com.springer.omelet.test.data.BrowserConfigurationTest" time="0"/>
  <testcase name="verifyFrameworkConfigDefaults" classname="com.springer.omelet.test.data.BrowserConfigurationTest" time="0"/>
  <testcase name="verifyHubConfigDefaults" classname="com.springer.omelet.test.data.BrowserConfigurationTest" time="0"/>
  <testcase name="verifyLocalConfigDefaults" classname="com.springer.omelet.test.data.BrowserConfigurationTest" time="0.001"/>
  <testcase name="verifyCmdEmpty" classname="com.springer.omelet.test.data.BrowserConfMethodTest" time="0.001"/>
</testsuite>