<?xml version="1.0" encoding="UTF-8"?>
<!-- Generated by org.testng.reporters.JUnitXMLReporter -->
<testsuite hostname="kapil-HP-ProBook-4440s" name="Browser Conf Test" tests="31" failures="0" timestamp="27 Nov 2014 07:26:35 GMT" time="0.218" errors="0">
  <testcase name="verifyIntegerListFromString" time="0.009" classname="com.springer.omelet.test.libraries.UtilsTest"/>
  <testcase name="verifyMapValues" time="0.009" classname="com.springer.omelet.test.data.BrowserConfMethodTest"/>
  <testcase name="checkBrowserConfEquality_RemoteFlagOFF" time="0.0" classname="com.springer.omelet.test.data.BrowserConfIsEqualTest"/>
  <testcase name="remoteBsMobileOnDevicesEqualsBrowserEquals" time="0.0" classname="com.springer.omelet.test.data.BrowserConfIsEqualTest"/>
  <testcase name="remoteBsMobileOnDevicesNotEqualsBrowserEquals" time="0.001" classname="com.springer.omelet.test.data.BrowserConfIsEqualTest"/>
  <testcase name="remoteFlagOn" time="0.001" classname="com.springer.omelet.test.data.BrowserConfIsEqualTest"/>
  <testcase name="remoteFlagOn_2" time="0.001" classname="com.springer.omelet.test.data.BrowserConfIsEqualTest"/>
  <testcase name="remoteFlagOn_3" time="0.001" classname="com.springer.omelet.test.data.BrowserConfIsEqualTest"/>
  <testcase name="remoteFlag_4" time="0.0" classname="com.springer.omelet.test.data.BrowserConfIsEqualTest"/>
  <testcase name="frameworkBlanAndCheckDefault" time="0.001" classname="com.springer.omelet.test.data.RefinedBrowserConfTests"/>
  <testcase name="ifCommandLineAndOtherPresent" time="0.001" classname="com.springer.omelet.test.data.RefinedBrowserConfTests"/>
  <testcase name="verifyCommandLineNotPresent" time="0.001" classname="com.springer.omelet.test.data.RefinedBrowserConfTests"/>
  <testcase name="verifyFrameworkPropertiesValueSet" time="0.001" classname="com.springer.omelet.test.data.RefinedBrowserConfTests"/>
  <testcase name="verifyIfClientEnvPresentAndCommandLineBlank" time="0.001" classname="com.springer.omelet.test.data.RefinedBrowserConfTests"/>
  <testcase name="verifyIfClient_CommandLine_Blank" time="0.001" classname="com.springer.omelet.test.data.RefinedBrowserConfTests"/>
  <testcase name="verifyMapValueEmpty" time="0.001" classname="com.springer.omelet.test.data.BrowserConfMethodTest"/>
  <testcase name="expectException_keyMissing_String" time="0.001" classname="com.springer.omelet.test.data.PropertyMappingTest"/>
  <testcase name="expectException_keyMissing_enum" time="0.001" classname="com.springer.omelet.test.data.PropertyMappingTest"/>
  <testcase name="hashMapConstructor" time="0.0" classname="com.springer.omelet.test.data.PropertyMappingTest"/>
  <testcase name="multipleFilePathConstructor" time="0.0" classname="com.springer.omelet.test.data.PropertyMappingTest"/>
  <testcase name="propConstuctor" time="0.0" classname="com.springer.omelet.test.data.PropertyMappingTest"/>
  <testcase name="singleFilePathConstructor" time="0.001" classname="com.springer.omelet.test.data.PropertyMappingTest"/>
  <testcase name="mutipleXml" time="0.148" classname="com.springer.omelet.test.data.BrowserXmlParserTest"/>
  <testcase name="verifyBrowserConf_singleXml" time="0.002" classname="com.springer.omelet.test.data.BrowserXmlParserTest"/>
  <testcase name="verifySingleXMLMultiBrowser" time="0.002" classname="com.springer.omelet.test.data.BrowserXmlParserTest"/>
  <testcase name="verifyCmd_Map_Mix" time="0.001" classname="com.springer.omelet.test.data.BrowserConfMethodTest"/>
  <testcase name="verifyBrowserStackConfigDefaults" time="0.001" classname="com.springer.omelet.test.data.BrowserConfigurationTest"/>
  <testcase name="verifyFrameworkConfigDefaults" time="0.0" classname="com.springer.omelet.test.data.BrowserConfigurationTest"/>
  <testcase name="verifyHubConfigDefaults" time="0.0" classname="com.springer.omelet.test.data.BrowserConfigurationTest"/>
  <testcase name="verifyLocalConfigDefaults" time="0.0" classname="com.springer.omelet.test.data.BrowserConfigurationTest"/>
  <testcase name="verifyCmdEmpty" time="0.001" classname="com.springer.omelet.test.data.BrowserConfMethodTest"/>
</testsuite> <!-- Browser Conf Test -->
