<html>
<head>
<title>TestNG:  Browser Conf Test</title>
<link href="../testng.css" rel="stylesheet" type="text/css" />
<link href="../my-testng.css" rel="stylesheet" type="text/css" />

<style type="text/css">
.log { display: none;} 
.stack-trace { display: none;} 
</style>
<script type="text/javascript">
<!--
function flip(e) {
  current = e.style.display;
  if (current == 'block') {
    e.style.display = 'none';
    return 0;
  }
  else {
    e.style.display = 'block';
    return 1;
  }
}

function toggleBox(szDivId, elem, msg1, msg2)
{
  var res = -1;  if (document.getElementById) {
    res = flip(document.getElementById(szDivId));
  }
  else if (document.all) {
    // this is the way old msie versions work
    res = flip(document.all[szDivId]);
  }
  if(elem) {
    if(res == 0) elem.innerHTML = msg1; else elem.innerHTML = msg2;
  }

}

function toggleAllBoxes() {
  if (document.getElementsByTagName) {
    d = document.getElementsByTagName('div');
    for (i = 0; i < d.length; i++) {
      if (d[i].className == 'log') {
        flip(d[i]);
      }
    }
  }
}

// -->
</script>

</head>
<body>
<h2 align='center'>Browser Conf Test</h2><table border='1' align="center">
<tr>
<td>Tests passed/Failed/Skipped:</td><td>24/0/0</td>
</tr><tr>
<td>Started on:</td><td>Thu Sep 04 17:07:55 IST 2014</td>
</tr>
<tr><td>Total time:</td><td>0 seconds (273 ms)</td>
</tr><tr>
<td>Included groups:</td><td></td>
</tr><tr>
<td>Excluded groups:</td><td></td>
</tr>
</table><p/>
<small><i>(Hover the method name to see the test class name)</i></small><p/>
<table width='100%' border='1' class='invocation-passed'>
<tr><td colspan='4' align='center'><b>PASSED TESTS</b></td></tr>
<tr><td><b>Test method</b></td>
<td width="30%"><b>Exception</b></td>
<td width="10%"><b>Time (seconds)</b></td>
<td><b>Instance</b></td>
</tr>
<tr>
<td title='com.springer.omelet.test.data.BrowserConfIsEqualTest.checkBrowserConfEquality_RemoteFlagOFF()'><b>checkBrowserConfEquality_RemoteFlagOFF</b><br>Test class: com.springer.omelet.test.data.BrowserConfIsEqualTest<br>Test method: same browser -->remote flag off-->filtering using set and List</td>
<td></td>
<td>0</td>
<td>com.springer.omelet.test.data.BrowserConfIsEqualTest@16f8f7db</td></tr>
<tr>
<td title='com.springer.omelet.test.data.VerifyBrowserValueTest.checkDefaultOption()'><b>checkDefaultOption</b><br>Test class: com.springer.omelet.test.data.VerifyBrowserValueTest</td>
<td></td>
<td>0</td>
<td>com.springer.omelet.test.data.VerifyBrowserValueTest@4cc39a20</td></tr>
<tr>
<td title='com.springer.omelet.test.data.PropertyMappingTest.expectException_keyMissing_String()'><b>expectException_keyMissing_String</b><br>Test class: com.springer.omelet.test.data.PropertyMappingTest</td>
<td><div><pre>com.springer.omelet.exception.FrameworkException: Value for key: key1_4 not specified in Data file
	at com.springer.omelet.data.PropertyMapping.getValue(PropertyMapping.java:124)
	at com.springer.omelet.test.data.PropertyMappingTest.expectException_keyMissing_String(PropertyMappingTest.java:110)
... Removed 27 stack frames</pre></div><a href='#' onClick='toggleBox("stack-trace185070685", this, "Click to show all stack frames", "Click to hide stack frames")'>Click to show all stack frames</a>
<div class='stack-trace' id='stack-trace185070685'><pre>com.springer.omelet.exception.FrameworkException: Value for key: key1_4 not specified in Data file
	at com.springer.omelet.data.PropertyMapping.getValue(PropertyMapping.java:124)
	at com.springer.omelet.test.data.PropertyMappingTest.expectException_keyMissing_String(PropertyMappingTest.java:110)
	at sun.reflect.NativeMethodAccessorImpl.invoke0(Native Method)
	at sun.reflect.NativeMethodAccessorImpl.invoke(NativeMethodAccessorImpl.java:39)
	at sun.reflect.DelegatingMethodAccessorImpl.invoke(DelegatingMethodAccessorImpl.java:25)
	at java.lang.reflect.Method.invoke(Method.java:597)
	at org.testng.internal.MethodInvocationHelper.invokeMethod(MethodInvocationHelper.java:84)
	at org.testng.internal.Invoker.invokeMethod(Invoker.java:714)
	at org.testng.internal.Invoker.invokeTestMethod(Invoker.java:901)
	at org.testng.internal.Invoker.invokeTestMethods(Invoker.java:1231)
	at org.testng.internal.TestMethodWorker.invokeTestMethods(TestMethodWorker.java:127)
	at org.testng.internal.TestMethodWorker.run(TestMethodWorker.java:111)
	at org.testng.TestRunner.privateRun(TestRunner.java:767)
	at org.testng.TestRunner.run(TestRunner.java:617)
	at org.testng.SuiteRunner.runTest(SuiteRunner.java:334)
	at org.testng.SuiteRunner.runSequentially(SuiteRunner.java:329)
	at org.testng.SuiteRunner.privateRun(SuiteRunner.java:291)
	at org.testng.SuiteRunner.run(SuiteRunner.java:240)
	at org.testng.SuiteRunnerWorker.runSuite(SuiteRunnerWorker.java:52)
	at org.testng.SuiteRunnerWorker.run(SuiteRunnerWorker.java:86)
	at org.testng.TestNG.runSuitesSequentially(TestNG.java:1224)
	at org.testng.TestNG.runSuitesLocally(TestNG.java:1149)
	at org.testng.TestNG.run(TestNG.java:1057)
	at org.apache.maven.surefire.testng.TestNGExecutor.run(TestNGExecutor.java:217)
	at org.apache.maven.surefire.testng.TestNGXmlTestSuite.execute(TestNGXmlTestSuite.java:84)
	at org.apache.maven.surefire.testng.TestNGProvider.invoke(TestNGProvider.java:92)
	at org.apache.maven.surefire.booter.ForkedBooter.invokeProviderInSameClassLoader(ForkedBooter.java:200)
	at org.apache.maven.surefire.booter.ForkedBooter.runSuitesInProcess(ForkedBooter.java:153)
	at org.apache.maven.surefire.booter.ForkedBooter.main(ForkedBooter.java:103)
</pre></div></td>
<td>0</td>
<td>com.springer.omelet.test.data.PropertyMappingTest@379e8f17</td></tr>
<tr>
<td title='com.springer.omelet.test.data.PropertyMappingTest.expectException_keyMissing_enum()'><b>expectException_keyMissing_enum</b><br>Test class: com.springer.omelet.test.data.PropertyMappingTest</td>
<td><div><pre>com.springer.omelet.exception.FrameworkException: Value for key: key2_5 not specified in Data file
	at com.springer.omelet.data.PropertyMapping.getValue(PropertyMapping.java:107)
	at com.springer.omelet.test.data.PropertyMappingTest.expectException_keyMissing_enum(PropertyMappingTest.java:121)
... Removed 27 stack frames</pre></div><a href='#' onClick='toggleBox("stack-trace1191940729", this, "Click to show all stack frames", "Click to hide stack frames")'>Click to show all stack frames</a>
<div class='stack-trace' id='stack-trace1191940729'><pre>com.springer.omelet.exception.FrameworkException: Value for key: key2_5 not specified in Data file
	at com.springer.omelet.data.PropertyMapping.getValue(PropertyMapping.java:107)
	at com.springer.omelet.test.data.PropertyMappingTest.expectException_keyMissing_enum(PropertyMappingTest.java:121)
	at sun.reflect.NativeMethodAccessorImpl.invoke0(Native Method)
	at sun.reflect.NativeMethodAccessorImpl.invoke(NativeMethodAccessorImpl.java:39)
	at sun.reflect.DelegatingMethodAccessorImpl.invoke(DelegatingMethodAccessorImpl.java:25)
	at java.lang.reflect.Method.invoke(Method.java:597)
	at org.testng.internal.MethodInvocationHelper.invokeMethod(MethodInvocationHelper.java:84)
	at org.testng.internal.Invoker.invokeMethod(Invoker.java:714)
	at org.testng.internal.Invoker.invokeTestMethod(Invoker.java:901)
	at org.testng.internal.Invoker.invokeTestMethods(Invoker.java:1231)
	at org.testng.internal.TestMethodWorker.invokeTestMethods(TestMethodWorker.java:127)
	at org.testng.internal.TestMethodWorker.run(TestMethodWorker.java:111)
	at org.testng.TestRunner.privateRun(TestRunner.java:767)
	at org.testng.TestRunner.run(TestRunner.java:617)
	at org.testng.SuiteRunner.runTest(SuiteRunner.java:334)
	at org.testng.SuiteRunner.runSequentially(SuiteRunner.java:329)
	at org.testng.SuiteRunner.privateRun(SuiteRunner.java:291)
	at org.testng.SuiteRunner.run(SuiteRunner.java:240)
	at org.testng.SuiteRunnerWorker.runSuite(SuiteRunnerWorker.java:52)
	at org.testng.SuiteRunnerWorker.run(SuiteRunnerWorker.java:86)
	at org.testng.TestNG.runSuitesSequentially(TestNG.java:1224)
	at org.testng.TestNG.runSuitesLocally(TestNG.java:1149)
	at org.testng.TestNG.run(TestNG.java:1057)
	at org.apache.maven.surefire.testng.TestNGExecutor.run(TestNGExecutor.java:217)
	at org.apache.maven.surefire.testng.TestNGXmlTestSuite.execute(TestNGXmlTestSuite.java:84)
	at org.apache.maven.surefire.testng.TestNGProvider.invoke(TestNGProvider.java:92)
	at org.apache.maven.surefire.booter.ForkedBooter.invokeProviderInSameClassLoader(ForkedBooter.java:200)
	at org.apache.maven.surefire.booter.ForkedBooter.runSuitesInProcess(ForkedBooter.java:153)
	at org.apache.maven.surefire.booter.ForkedBooter.main(ForkedBooter.java:103)
</pre></div></td>
<td>0</td>
<td>com.springer.omelet.test.data.PropertyMappingTest@379e8f17</td></tr>
<tr>
<td title='com.springer.omelet.test.data.PropertyMappingTest.hashMapConstructor()'><b>hashMapConstructor</b><br>Test class: com.springer.omelet.test.data.PropertyMappingTest</td>
<td></td>
<td>0</td>
<td>com.springer.omelet.test.data.PropertyMappingTest@379e8f17</td></tr>
<tr>
<td title='com.springer.omelet.test.data.PropertyMappingTest.multipleFilePathConstructor()'><b>multipleFilePathConstructor</b><br>Test class: com.springer.omelet.test.data.PropertyMappingTest</td>
<td></td>
<td>0</td>
<td>com.springer.omelet.test.data.PropertyMappingTest@379e8f17</td></tr>
<tr>
<td title='com.springer.omelet.test.data.BrowserXmlParserTest.mutipleXml()'><b>mutipleXml</b><br>Test class: com.springer.omelet.test.data.BrowserXmlParserTest</td>
<td></td>
<td>0</td>
<td>com.springer.omelet.test.data.BrowserXmlParserTest@351563ff</td></tr>
<tr>
<td title='com.springer.omelet.test.data.PropertyMappingTest.propConstuctor()'><b>propConstuctor</b><br>Test class: com.springer.omelet.test.data.PropertyMappingTest</td>
<td></td>
<td>0</td>
<td>com.springer.omelet.test.data.PropertyMappingTest@379e8f17</td></tr>
<tr>
<td title='com.springer.omelet.test.data.BrowserConfIsEqualTest.remoteFlagOn()'><b>remoteFlagOn</b><br>Test class: com.springer.omelet.test.data.BrowserConfIsEqualTest<br>Test method: Remote Flag on and required values equal</td>
<td></td>
<td>0</td>
<td>com.springer.omelet.test.data.BrowserConfIsEqualTest@16f8f7db</td></tr>
<tr>
<td title='com.springer.omelet.test.data.BrowserConfIsEqualTest.remoteFlagOn_2()'><b>remoteFlagOn_2</b><br>Test class: com.springer.omelet.test.data.BrowserConfIsEqualTest<br>Test method: Remote Flag on and required values equal and not required not equal</td>
<td></td>
<td>0</td>
<td>com.springer.omelet.test.data.BrowserConfIsEqualTest@16f8f7db</td></tr>
<tr>
<td title='com.springer.omelet.test.data.BrowserConfIsEqualTest.remoteFlagOn_3()'><b>remoteFlagOn_3</b><br>Test class: com.springer.omelet.test.data.BrowserConfIsEqualTest<br>Test method: Remote Flag on and required values not equal and not required not equal</td>
<td></td>
<td>0</td>
<td>com.springer.omelet.test.data.BrowserConfIsEqualTest@16f8f7db</td></tr>
<tr>
<td title='com.springer.omelet.test.data.BrowserConfIsEqualTest.remoteFlag_4()'><b>remoteFlag_4</b><br>Test class: com.springer.omelet.test.data.BrowserConfIsEqualTest<br>Test method: remote Flag on ->bsswitch off-->browser equals</td>
<td></td>
<td>0</td>
<td>com.springer.omelet.test.data.BrowserConfIsEqualTest@16f8f7db</td></tr>
<tr>
<td title='com.springer.omelet.test.data.PropertyMappingTest.singleFilePathConstructor()'><b>singleFilePathConstructor</b><br>Test class: com.springer.omelet.test.data.PropertyMappingTest</td>
<td></td>
<td>0</td>
<td>com.springer.omelet.test.data.PropertyMappingTest@379e8f17</td></tr>
<tr>
<td title='com.springer.omelet.test.data.MappingParserTest.testEmptyProjectNameInMappingFile()'><b>testEmptyProjectNameInMappingFile</b><br>Test class: com.springer.omelet.test.data.MappingParserTest</td>
<td></td>
<td>0</td>
<td>com.springer.omelet.test.data.MappingParserTest@1f25fefa</td></tr>
<tr>
<td title='com.springer.omelet.test.data.MappingParserTest.testGetProjectNameFromMappingFile()'><b>testGetProjectNameFromMappingFile</b><br>Test class: com.springer.omelet.test.data.MappingParserTest</td>
<td></td>
<td>0</td>
<td>com.springer.omelet.test.data.MappingParserTest@1f25fefa</td></tr>
<tr>
<td title='com.springer.omelet.test.data.MappingParserTest.testGetProjectNameFromSystemProperty()'><b>testGetProjectNameFromSystemProperty</b><br>Test class: com.springer.omelet.test.data.MappingParserTest</td>
<td></td>
<td>0</td>
<td>com.springer.omelet.test.data.MappingParserTest@1f25fefa</td></tr>
<tr>
<td title='com.springer.omelet.test.data.MappingParserTest.testProjectNameNotInMappingFile()'><b>testProjectNameNotInMappingFile</b><br>Test class: com.springer.omelet.test.data.MappingParserTest</td>
<td></td>
<td>0</td>
<td>com.springer.omelet.test.data.MappingParserTest@1f25fefa</td></tr>
<tr>
<td title='com.springer.omelet.test.data.BrowserXmlParserTest.verifyBrowserConf_singleXml()'><b>verifyBrowserConf_singleXml</b><br>Test class: com.springer.omelet.test.data.BrowserXmlParserTest</td>
<td></td>
<td>0</td>
<td>com.springer.omelet.test.data.BrowserXmlParserTest@351563ff</td></tr>
<tr>
<td title='com.springer.omelet.test.data.BrowserConfMethodTest.verifyCmdEmpty()'><b>verifyCmdEmpty</b><br>Test class: com.springer.omelet.test.data.BrowserConfMethodTest<br>Test method: cmd empty  </td>
<td></td>
<td>0</td>
<td>com.springer.omelet.test.data.BrowserConfMethodTest@56d73c7a</td></tr>
<tr>
<td title='com.springer.omelet.test.data.BrowserConfMethodTest.verifyCmd_Map_Mix()'><b>verifyCmd_Map_Mix</b><br>Test class: com.springer.omelet.test.data.BrowserConfMethodTest<br>Test method: Some Values by cmd and all by map</td>
<td></td>
<td>0</td>
<td>com.springer.omelet.test.data.BrowserConfMethodTest@56d73c7a</td></tr>
<tr>
<td title='com.springer.omelet.test.libraries.UtilsTest.verifyIntegerListFromString()'><b>verifyIntegerListFromString</b><br>Test class: com.springer.omelet.test.libraries.UtilsTest</td>
<td></td>
<td>0</td>
<td>com.springer.omelet.test.libraries.UtilsTest@335856a5</td></tr>
<tr>
<td title='com.springer.omelet.test.data.BrowserConfMethodTest.verifyMapValueEmpty()'><b>verifyMapValueEmpty</b><br>Test class: com.springer.omelet.test.data.BrowserConfMethodTest</td>
<td></td>
<td>0</td>
<td>com.springer.omelet.test.data.BrowserConfMethodTest@56d73c7a</td></tr>
<tr>
<td title='com.springer.omelet.test.data.BrowserConfMethodTest.verifyMapValues()'><b>verifyMapValues</b><br>Test class: com.springer.omelet.test.data.BrowserConfMethodTest<br>Test method: All Values set by HashMap</td>
<td></td>
<td>0</td>
<td>com.springer.omelet.test.data.BrowserConfMethodTest@56d73c7a</td></tr>
<tr>
<td title='com.springer.omelet.test.data.BrowserXmlParserTest.verifySingleXMLMultiBrowser()'><b>verifySingleXMLMultiBrowser</b><br>Test class: com.springer.omelet.test.data.BrowserXmlParserTest</td>
<td></td>
<td>0</td>
<td>com.springer.omelet.test.data.BrowserXmlParserTest@351563ff</td></tr>
</table><p>
</body>
</html>