<?xml version="1.0" encoding="UTF-8"?>
<!-- Generated by org.testng.reporters.JUnitXMLReporter -->
<testsuite hostname="kapil-HP-ProBook-4440s" name="Browser Conf Test" tests="24" failures="0" timestamp="4 Sep 2014 11:37:56 GMT" time="0.273" errors="0">
  <testcase name="checkDefaultOption" time="0.014" classname="com.springer.omelet.test.data.VerifyBrowserValueTest"/>
  <testcase name="verifyMapValues" time="0.0090" classname="com.springer.omelet.test.data.BrowserConfMethodTest"/>
  <testcase name="testEmptyProjectNameInMappingFile" time="0.162" classname="com.springer.omelet.test.data.MappingParserTest"/>
  <testcase name="testGetProjectNameFromMappingFile" time="0.0030" classname="com.springer.omelet.test.data.MappingParserTest"/>
  <testcase name="testGetProjectNameFromSystemProperty" time="0.0040" classname="com.springer.omelet.test.data.MappingParserTest"/>
  <testcase name="testProjectNameNotInMappingFile" time="0.0040" classname="com.springer.omelet.test.data.MappingParserTest"/>
  <testcase name="verifyIntegerListFromString" time="0.0" classname="com.springer.omelet.test.libraries.UtilsTest"/>
  <testcase name="verifyMapValueEmpty" time="0.0020" classname="com.springer.omelet.test.data.BrowserConfMethodTest"/>
  <testcase name="checkBrowserConfEquality_RemoteFlagOFF" time="0.0030" classname="com.springer.omelet.test.data.BrowserConfIsEqualTest"/>
  <testcase name="remoteFlagOn_2" time="0.0030" classname="com.springer.omelet.test.data.BrowserConfIsEqualTest"/>
  <testcase name="remoteFlagOn_3" time="0.0040" classname="com.springer.omelet.test.data.BrowserConfIsEqualTest"/>
  <testcase name="remoteFlagOn" time="0.0020" classname="com.springer.omelet.test.data.BrowserConfIsEqualTest"/>
  <testcase name="remoteFlag_4" time="0.0020" classname="com.springer.omelet.test.data.BrowserConfIsEqualTest"/>
  <testcase name="verifySingleXMLMultiBrowser" time="0.0090" classname="com.springer.omelet.test.data.BrowserXmlParserTest"/>
  <testcase name="verifyBrowserConf_singleXml" time="0.0060" classname="com.springer.omelet.test.data.BrowserXmlParserTest"/>
  <testcase name="mutipleXml" time="0.0050" classname="com.springer.omelet.test.data.BrowserXmlParserTest"/>
  <testcase name="verifyCmd_Map_Mix" time="0.0010" classname="com.springer.omelet.test.data.BrowserConfMethodTest"/>
  <testcase name="expectException_keyMissing_String" time="0.0" classname="com.springer.omelet.test.data.PropertyMappingTest"/>
  <testcase name="expectException_keyMissing_enum" time="0.0010" classname="com.springer.omelet.test.data.PropertyMappingTest"/>
  <testcase name="hashMapConstructor" time="0.0" classname="com.springer.omelet.test.data.PropertyMappingTest"/>
  <testcase name="multipleFilePathConstructor" time="0.0010" classname="com.springer.omelet.test.data.PropertyMappingTest"/>
  <testcase name="propConstuctor" time="0.0" classname="com.springer.omelet.test.data.PropertyMappingTest"/>
  <testcase name="singleFilePathConstructor" time="0.0" classname="com.springer.omelet.test.data.PropertyMappingTest"/>
  <testcase name="verifyCmdEmpty" time="0.0010" classname="com.springer.omelet.test.data.BrowserConfMethodTest"/>
</testsuite> <!-- Browser Conf Test -->
