<?xml version="1.0" encoding="UTF-8"?>
<!-- Generated by org.testng.reporters.JUnitXMLReporter -->
<testsuite hostname="kapil-HP-ProBook-4440s" name="Browser Conf Test" tests="24" failures="0" timestamp="20 Jan 2015 12:01:41 GMT" time="0.261" errors="0">
  <testcase name="verifyIntegerListFromString" time="0.056" classname="omelet.test.libraries.UtilsTest"/>
  <testcase name="checkBrowserConfEquality_RemoteFlagOFF" time="0.002" classname="omelet.test.data.BrowserConfIsEqualTest"/>
  <testcase name="remoteFlagOn" time="0.0" classname="omelet.test.data.BrowserConfIsEqualTest"/>
  <testcase name="remoteFlagOn_2" time="0.019" classname="omelet.test.data.BrowserConfIsEqualTest"/>
  <testcase name="remoteFlagOn_3" time="0.0" classname="omelet.test.data.BrowserConfIsEqualTest"/>
  <testcase name="frameworkBlanAndCheckDefault" time="0.014" classname="omelet.test.data.RefinedBrowserConfTests"/>
  <testcase name="ifCommandLineAndOtherPresent" time="0.001" classname="omelet.test.data.RefinedBrowserConfTests"/>
  <testcase name="verifyCommandLineNotPresent" time="0.001" classname="omelet.test.data.RefinedBrowserConfTests"/>
  <testcase name="verifyFrameworkPropertiesValueSet" time="0.002" classname="omelet.test.data.RefinedBrowserConfTests"/>
  <testcase name="verifyIfClientEnvPresentAndCommandLineBlank" time="0.0" classname="omelet.test.data.RefinedBrowserConfTests"/>
  <testcase name="verifyIfClient_CommandLine_Blank" time="0.0" classname="omelet.test.data.RefinedBrowserConfTests"/>
  <testcase name="expectException_keyMissing_String" time="0.001" classname="omelet.test.data.PropertyMappingTest"/>
  <testcase name="expectException_keyMissing_enum" time="0.0" classname="omelet.test.data.PropertyMappingTest"/>
  <testcase name="hashMapConstructor" time="0.0" classname="omelet.test.data.PropertyMappingTest"/>
  <testcase name="multipleFilePathConstructor" time="0.001" classname="omelet.test.data.PropertyMappingTest"/>
  <testcase name="propConstuctor" time="0.0" classname="omelet.test.data.PropertyMappingTest"/>
  <testcase name="singleFilePathConstructor" time="0.0" classname="omelet.test.data.PropertyMappingTest"/>
  <testcase name="mutipleXml" time="0.124" classname="omelet.test.data.BrowserXmlParserTest"/>
  <testcase name="verifyBrowserConf_singleXml" time="0.002" classname="omelet.test.data.BrowserXmlParserTest"/>
  <testcase name="verifySingleXMLMultiBrowser" time="0.003" classname="omelet.test.data.BrowserXmlParserTest"/>
  <testcase name="verifyBrowserStackConfigDefaults" time="0.0" classname="omelet.test.data.BrowserConfigurationTest"/>
  <testcase name="verifyFrameworkConfigDefaults" time="0.0" classname="omelet.test.data.BrowserConfigurationTest"/>
  <testcase name="verifyHubConfigDefaults" time="0.0" classname="omelet.test.data.BrowserConfigurationTest"/>
  <testcase name="verifyLocalConfigDefaults" time="0.001" classname="omelet.test.data.BrowserConfigurationTest"/>
</testsuite> <!-- Browser Conf Test -->
