<?xml version="1.0" encoding="UTF-8"?>
<testsuite name="TestSuite" time="0.224" tests="24" errors="0" skipped="0" failures="0">
  <properties>
[...]
</properties>
  <testcase name="verifyIntegerListFromString" classname="omelet.test.libraries.UtilsTest" time="0.055"/>
  <testcase name="checkBrowserConfEquality_RemoteFlagOFF" classname="omelet.test.data.BrowserConfIsEqualTest" time="0.002"/>
  <testcase name="remoteFlagOn" classname="omelet.test.data.BrowserConfIsEqualTest" time="0"/>
  <testcase name="remoteFlagOn_2" classname="omelet.test.data.BrowserConfIsEqualTest" time="0.019"/>
  <testcase name="remoteFlagOn_3" classname="omelet.test.data.BrowserConfIsEqualTest" time="0.001"/>
  <testcase name="frameworkBlanAndCheckDefault" classname="omelet.test.data.RefinedBrowserConfTests" time="0.014"/>
  <testcase name="ifCommandLineAndOtherPresent" classname="omelet.test.data.RefinedBrowserConfTests" time="0.001"/>
  <testcase name="verifyCommandLineNotPresent" classname="omelet.test.data.RefinedBrowserConfTests" time="0.001"/>
  <testcase name="verifyFrameworkPropertiesValueSet" classname="omelet.test.data.RefinedBrowserConfTests" time="0.002"/>
  <testcase name="verifyIfClientEnvPresentAndCommandLineBlank" classname="omelet.test.data.RefinedBrowserConfTests" time="0.001"/>
  <testcase name="verifyIfClient_CommandLine_Blank" classname="omelet.test.data.RefinedBrowserConfTests" time="0"/>
  <testcase name="expectException_keyMissing_String" classname="omelet.test.data.PropertyMappingTest" time="0.001"/>
  <testcase name="expectException_keyMissing_enum" classname="omelet.test.data.PropertyMappingTest" time="0"/>
  <testcase name="hashMapConstructor" classname="omelet.test.data.PropertyMappingTest" time="0"/>
  <testcase name="multipleFilePathConstructor" classname="omelet.test.data.PropertyMappingTest" time="0.001"/>
  <testcase name="propConstuctor" classname="omelet.test.data.PropertyMappingTest" time="0.001"/>
  <testcase name="singleFilePathConstructor" classname="omelet.test.data.PropertyMappingTest" time="0"/>
  <testcase name="mutipleXml" classname="omelet.test.data.BrowserXmlParserTest" time="0.12"/>
  <testcase name="verifyBrowserConf_singleXml" classname="omelet.test.data.BrowserXmlParserTest" time="0.002"/>
  <testcase name="verifySingleXMLMultiBrowser" classname="omelet.test.data.BrowserXmlParserTest" time="0.003"/>
  <testcase name="verifyBrowserStackConfigDefaults" classname="omelet.test.data.BrowserConfigurationTest" time="0"/>
  <testcase name="verifyFrameworkConfigDefaults" classname="omelet.test.data.BrowserConfigurationTest" time="0"/>
  <testcase name="verifyHubConfigDefaults" classname="omelet.test.data.BrowserConfigurationTest" time="0"/>
  <testcase name="verifyLocalConfigDefaults" classname="omelet.test.data.BrowserConfigurationTest" time="0"/>
</testsuite>