<?xml version="1.0" encoding="UTF-8"?>
<!-- Generated by org.testng.reporters.JUnitXMLReporter -->
<testsuite hostname="kapil-HP-ProBook-4440s" name="Default test" tests="3" failures="0" timestamp="14 Jan 2015 05:48:55 GMT" time="0.253" errors="0">
  <testcase name="mutipleXml" time="0.224" classname="omelet.test.data.BrowserXmlParserTest"/>
  <testcase name="verifyBrowserConf_singleXml" time="0.004" classname="omelet.test.data.BrowserXmlParserTest"/>
  <testcase name="verifySingleXMLMultiBrowser" time="0.004" classname="omelet.test.data.BrowserXmlParserTest"/>
</testsuite> <!-- Default test -->
